<?xml version="1.0" encoding="UTF-8"?>
<!-- Generated by org.testng.reporters.JUnitXMLReporter -->
<testsuite ignored="0" hostname="DESKTOP-S6OF7P0" failures="0" tests="3" name="Default test" time="5.052" errors="0" timestamp="2024-02-19T16:26:15 GMT-06:00">
  <testcase classname="org.phpbb.selenium.automation.tests.TestScenariosByClass" name="test_verify_login_button" time="0.333"/>
  <testcase classname="org.phpbb.selenium.automation.tests.TestScenariosByClass" name="test_verify_logo" time="0.187"/>
  <testcase classname="org.phpbb.selenium.automation.tests.TestScenariosByClass" name="test_verify_register_button" time="0.25"/>
</testsuite> <!-- Default test -->
