<?xml version="1.0" encoding="UTF-8"?>
<!-- Generated by org.testng.reporters.JUnitXMLReporter -->
<testsuite ignored="0" hostname="DESKTOP-S6OF7P0" failures="0" tests="3" name="Chrome tests" time="2.058" errors="0" timestamp="2024-02-20T12:15:35 GMT-06:00">
  <testcase classname="org.phpbb.selenium.automation.tests.TestScenariosByClass" name="test_verify_logo" time="0.17"/>
  <testcase classname="org.phpbb.selenium.automation.tests.TestScenariosByClass" name="test_verify_register_button" time="0.251"/>
  <testcase classname="org.phpbb.selenium.automation.tests.TestScenariosByClass" name="test_verify_login_button" time="0.261"/>
</testsuite> <!-- Chrome tests -->
