<?xml version="1.0" encoding="UTF-8"?>
<!-- Generated by org.testng.reporters.JUnitXMLReporter -->
<testsuite ignored="0" hostname="DESKTOP-S6OF7P0" failures="0" tests="3" name="Edge tests" time="5.769" errors="0" timestamp="2024-02-20T12:15:33 GMT-06:00">
  <testcase classname="org.phpbb.selenium.automation.tests.TestScenariosByMethod" name="test_verify_logo" time="0.272"/>
  <testcase classname="org.phpbb.selenium.automation.tests.TestScenariosByMethod" name="test_verify_register_button" time="0.256"/>
  <testcase classname="org.phpbb.selenium.automation.tests.TestScenariosByMethod" name="test_verify_login_button" time="0.256"/>
</testsuite> <!-- Edge tests -->
